<?xml version="1.0" encoding="UTF-8"?>
<!-- Generated by org.testng.reporters.JUnitReportReporter -->
<testsuite hostname="IT" failures="0" tests="1" name="cucumber.TestNGTestRunner" time="33.902" errors="0" timestamp="2025-05-14T23:36:30 IST" skipped="0">
  <testcase classname="cucumber.TestNGTestRunner" name="runScenario" time="33.902"/>
</testsuite> <!-- cucumber.TestNGTestRunner -->
